Using pre-set license
Built from '2022.3/staging' branch; Version is '2022.3.23f1 (dbb3f7c5b5c6) revision 14398455'; Using compiler version '192829333'; Build Type 'Release'
OS: 'Windows 11  (10.0.22621) 64bit Core' Language: 'en' Physical Memory: 16051 MB
BatchMode: 1, IsHumanControllingUs: 0, StartBugReporterOnCrash: 0, Is64bit: 1, IsPro: 1

COMMAND LINE ARGUMENTS:
C:\Users\Admin\Documents\Coding\Game making\Unity Hub\2022.3.23f1\Editor\Unity.exe
-adb2
-batchMode
-noUpm
-name
AssetImportWorker0
-projectPath
C:/Users/Admin/My project
-logFile
Logs/AssetImportWorker0.log
-srvPort
61490
Successfully changed project path to: C:/Users/Admin/My project
C:/Users/Admin/My project
[UnityMemory] Configuration Parameters - Can be set up in boot.config
    "memorysetup-bucket-allocator-granularity=16"
    "memorysetup-bucket-allocator-bucket-count=8"
    "memorysetup-bucket-allocator-block-size=33554432"
    "memorysetup-bucket-allocator-block-count=8"
    "memorysetup-main-allocator-block-size=16777216"
    "memorysetup-thread-allocator-block-size=16777216"
    "memorysetup-gfx-main-allocator-block-size=16777216"
    "memorysetup-gfx-thread-allocator-block-size=16777216"
    "memorysetup-cache-allocator-block-size=4194304"
    "memorysetup-typetree-allocator-block-size=2097152"
    "memorysetup-profiler-bucket-allocator-granularity=16"
    "memorysetup-profiler-bucket-allocator-bucket-count=8"
    "memorysetup-profiler-bucket-allocator-block-size=33554432"
    "memorysetup-profiler-bucket-allocator-block-count=8"
    "memorysetup-profiler-allocator-block-size=16777216"
    "memorysetup-profiler-editor-allocator-block-size=1048576"
    "memorysetup-temp-allocator-size-main=16777216"
    "memorysetup-job-temp-allocator-block-size=2097152"
    "memorysetup-job-temp-allocator-block-size-background=1048576"
    "memorysetup-job-temp-allocator-reduction-small-platforms=262144"
    "memorysetup-allocator-temp-initial-block-size-main=262144"
    "memorysetup-allocator-temp-initial-block-size-worker=262144"
    "memorysetup-temp-allocator-size-background-worker=32768"
    "memorysetup-temp-allocator-size-job-worker=262144"
    "memorysetup-temp-allocator-size-preload-manager=33554432"
    "memorysetup-temp-allocator-size-nav-mesh-worker=65536"
    "memorysetup-temp-allocator-size-audio-worker=65536"
    "memorysetup-temp-allocator-size-cloud-worker=32768"
    "memorysetup-temp-allocator-size-gi-baking-worker=262144"
    "memorysetup-temp-allocator-size-gfx=262144"
Player connection [24396] Host "[IP] 192.168.43.233 [Port] 0 [Flags] 2 [Guid] 2028081833 [EditorId] 2028081833 [Version] 1048832 [Id] WindowsEditor(7,LAPTOP-IA2A7595) [Debug] 1 [PackageName] WindowsEditor [ProjectName] Editor" joined multi-casting on [225.0.0.222:54997]...

Player connection [24396] Host "[IP] 192.168.43.233 [Port] 0 [Flags] 2 [Guid] 2028081833 [EditorId] 2028081833 [Version] 1048832 [Id] WindowsEditor(7,LAPTOP-IA2A7595) [Debug] 1 [PackageName] WindowsEditor [ProjectName] Editor" joined alternative multi-casting on [225.0.0.222:34997]...

[Physics::Module] Initialized MultithreadedJobDispatcher with 19 workers.
Refreshing native plugins compatible for Editor in 9.04 ms, found 3 plugins.
Preloading 0 native plugins for Editor in 0.00 ms.
Initialize engine version: 2022.3.23f1 (dbb3f7c5b5c6)
[Subsystems] Discovering subsystems at path C:/Users/Admin/Documents/Coding/Game making/Unity Hub/2022.3.23f1/Editor/Data/Resources/UnitySubsystems
[Subsystems] Discovering subsystems at path C:/Users/Admin/My project/Assets
GfxDevice: creating device client; threaded=0; jobified=0
Direct3D:
    Version:  Direct3D 11.0 [level 11.1]
    Renderer: NVIDIA GeForce RTX 3060 Laptop GPU (ID=0x2520)
    Vendor:   NVIDIA
    VRAM:     6010 MB
    Driver:   31.0.15.4665
Initialize mono
Mono path[0] = 'C:/Users/Admin/Documents/Coding/Game making/Unity Hub/2022.3.23f1/Editor/Data/Managed'
Mono path[1] = 'C:/Users/Admin/Documents/Coding/Game making/Unity Hub/2022.3.23f1/Editor/Data/MonoBleedingEdge/lib/mono/unityjit-win32'
Mono config path = 'C:/Users/Admin/Documents/Coding/Game making/Unity Hub/2022.3.23f1/Editor/Data/MonoBleedingEdge/etc'
Using monoOptions --debugger-agent=transport=dt_socket,embedding=1,server=y,suspend=n,address=127.0.0.1:56764
Begin MonoManager ReloadAssembly
Registering precompiled unity dll's ...
Register platform support module: C:/Users/Admin/Documents/Coding/Game making/Unity Hub/2022.3.23f1/Editor/Data/PlaybackEngines/WebGLSupport/UnityEditor.WebGL.Extensions.dll
Register platform support module: C:/Users/Admin/Documents/Coding/Game making/Unity Hub/2022.3.23f1/Editor/Data/PlaybackEngines/WindowsStandaloneSupport/UnityEditor.WindowsStandalone.Extensions.dll
Registered in 0.009051 seconds.
- Loaded All Assemblies, in  0.289 seconds
Native extension for WindowsStandalone target not found
Native extension for WebGL target not found
Mono: successfully reloaded assembly
- Finished resetting the current domain, in  0.205 seconds
Domain Reload Profiling: 493ms
	BeginReloadAssembly (91ms)
		ExecutionOrderSort (0ms)
		DisableScriptedObjects (0ms)
		BackupInstance (0ms)
		ReleaseScriptingObjects (0ms)
		CreateAndSetChildDomain (1ms)
	RebuildCommonClasses (32ms)
	RebuildNativeTypeToScriptingClass (8ms)
	initialDomainReloadingComplete (50ms)
	LoadAllAssembliesAndSetupDomain (107ms)
		LoadAssemblies (89ms)
		RebuildTransferFunctionScriptingTraits (0ms)
		AnalyzeDomain (105ms)
			TypeCache.Refresh (104ms)
				TypeCache.ScanAssembly (93ms)
			ScanForSourceGeneratedMonoScriptInfo (0ms)
			ResolveRequiredComponents (0ms)
	FinalizeReload (206ms)
		ReleaseScriptCaches (0ms)
		RebuildScriptCaches (0ms)
		SetupLoadedEditorAssemblies (162ms)
			LogAssemblyErrors (0ms)
			InitializePlatformSupportModulesInManaged (9ms)
			SetLoadedEditorAssemblies (4ms)
			RefreshPlugins (0ms)
			BeforeProcessingInitializeOnLoad (2ms)
			ProcessInitializeOnLoadAttributes (110ms)
			ProcessInitializeOnLoadMethodAttributes (37ms)
			AfterProcessingInitializeOnLoad (0ms)
			EditorAssembliesLoaded (0ms)
		ExecutionOrderSort2 (0ms)
		AwakeInstancesAfterBackupRestoration (0ms)
========================================================================
Worker process is ready to serve import requests
Begin MonoManager ReloadAssembly
- Loaded All Assemblies, in  0.480 seconds
Refreshing native plugins compatible for Editor in 2.61 ms, found 3 plugins.
Native extension for WindowsStandalone target not found
Native extension for WebGL target not found
Package Manager log level set to [2]
[Package Manager] Server::EnsureServerProcessIsRunning -- launch failed, reason: Unity was launched with the -noUpm command-line argument
[Package Manager] UpmClient::Send -- Unable to send message (not connected to UPM process).
[Package Manager] Cannot connect to Unity Package Manager local server
Mono: successfully reloaded assembly
- Finished resetting the current domain, in  0.559 seconds
Domain Reload Profiling: 1036ms
	BeginReloadAssembly (115ms)
		ExecutionOrderSort (0ms)
		DisableScriptedObjects (3ms)
		BackupInstance (0ms)
		ReleaseScriptingObjects (0ms)
		CreateAndSetChildDomain (17ms)
	RebuildCommonClasses (25ms)
	RebuildNativeTypeToScriptingClass (7ms)
	initialDomainReloadingComplete (35ms)
	LoadAllAssembliesAndSetupDomain (295ms)
		LoadAssemblies (238ms)
		RebuildTransferFunctionScriptingTraits (0ms)
		AnalyzeDomain (126ms)
			TypeCache.Refresh (111ms)
				TypeCache.ScanAssembly (100ms)
			ScanForSourceGeneratedMonoScriptInfo (10ms)
			ResolveRequiredComponents (4ms)
	FinalizeReload (559ms)
		ReleaseScriptCaches (0ms)
		RebuildScriptCaches (0ms)
		SetupLoadedEditorAssemblies (448ms)
			LogAssemblyErrors (0ms)
			InitializePlatformSupportModulesInManaged (6ms)
			SetLoadedEditorAssemblies (3ms)
			RefreshPlugins (0ms)
			BeforeProcessingInitializeOnLoad (45ms)
			ProcessInitializeOnLoadAttributes (372ms)
			ProcessInitializeOnLoadMethodAttributes (16ms)
			AfterProcessingInitializeOnLoad (7ms)
			EditorAssembliesLoaded (0ms)
		ExecutionOrderSort2 (0ms)
		AwakeInstancesAfterBackupRestoration (6ms)
Launched and connected shader compiler UnityShaderCompiler.exe after 0.07 seconds
Refreshing native plugins compatible for Editor in 2.44 ms, found 3 plugins.
Preloading 0 native plugins for Editor in 0.00 ms.
Unloading 3094 Unused Serialized files (Serialized files now loaded: 0)
Unloading 32 unused Assets / (57.0 KB). Loaded Objects now: 3569.
Memory consumption went from 131.1 MB to 131.1 MB.
Total: 2.373300 ms (FindLiveObjects: 0.165800 ms CreateObjectMapping: 0.062100 ms MarkObjects: 2.064600 ms  DeleteObjects: 0.079900 ms)

AssetImportParameters requested are different than current active one (requested -> active):
  custom:container-demuxer-ogg: 62fdf1f143b41e24485cea50d1cbac27 -> 
  custom:video-codec-MediaFoundation-h265: 746d11721c4dcdbdad8f713fa42b33f4 -> 
  custom:video-decoder-ogg-theora: a1e56fd34408186e4bbccfd4996cb3dc -> 
  custom:framework-win-MediaFoundation: 216162199b28c13a410421893ffa2e32 -> 
  custom:CustomObjectIndexerAttribute: 9a22284fe3817be447336de3de66b15e -> 
  custom:container-demuxer-webm: 4f35f7cbe854078d1ac9338744f61a02 -> 
  custom:container-muxer-webm: aa71ff27fc2769a1b78a27578f13a17b -> 
  custom:video-decoder-webm-vp8: 9c59270c3fd7afecdb556c50c9e8de78 -> 
  custom:SearchIndexIgnoredProperties: e643bd26f0fe6173181afceb89e7c659 -> 
  custom:AudioImporter_EditorPlatform: d09bf68614088b80899f8185d706f6e7 -> 
  custom:video-encoder-webm-vp8: eb34c28f22e8b96e1ab97ce403110664 -> 
  custom:audio-decoder-ogg-vorbis: bf7c407c2cedff20999df2af8eb42d56 -> 
  custom:audio-encoder-webm-vorbis: bf7c407c2cedff20999df2af8eb42d56 -> 
========================================================================
Received Import Request.
  Time since last request: 1169688.539899 seconds.
  path: Assets/Scenes/Pog.unity
  artifactKey: Guid(d2785d595f5c3b146af0e30145540e02) Importer(815301076,1909f56bfc062723c751e8b465ee728b)
Start importing Assets/Scenes/Pog.unity using Guid(d2785d595f5c3b146af0e30145540e02) Importer(815301076,1909f56bfc062723c751e8b465ee728b)  -> (artifact id: 'd57ec38e407085d071e0c5ca97fddd07') in 0.002189 seconds
Number of updated asset objects reloaded before import = 0
Number of asset objects unloaded after import = 0
========================================================================
Received Import Request.
  Time since last request: 25.833773 seconds.
  path: Assets/Scenes/Chess.unity
  artifactKey: Guid(dc739ebe6fabd9a4b829614942615072) Importer(815301076,1909f56bfc062723c751e8b465ee728b)
Start importing Assets/Scenes/Chess.unity using Guid(dc739ebe6fabd9a4b829614942615072) Importer(815301076,1909f56bfc062723c751e8b465ee728b)  -> (artifact id: 'c5fe02a84dee2854ad6fb6ba86c9f64b') in 0.000534 seconds
Number of updated asset objects reloaded before import = 0
Number of asset objects unloaded after import = 0
========================================================================
Received Import Request.
  Time since last request: 59.735908 seconds.
  path: Assets/Ground.mat
  artifactKey: Guid(fab35ca1c680c1045986b1e3be83bffe) Importer(815301076,1909f56bfc062723c751e8b465ee728b)
Start importing Assets/Ground.mat using Guid(fab35ca1c680c1045986b1e3be83bffe) Importer(815301076,1909f56bfc062723c751e8b465ee728b)  -> (artifact id: 'd2ff611ecd853ff932d464fa22907fa8') in 0.074551 seconds
Number of updated asset objects reloaded before import = 0
Number of asset objects unloaded after import = 1
========================================================================
Received Import Request.
  Time since last request: 8.884121 seconds.
  path: Packages/com.unity.ugui
  artifactKey: Guid(8f7652e09069a1943278893d4264401e) Importer(815301076,1909f56bfc062723c751e8b465ee728b)
Start importing Packages/com.unity.ugui using Guid(8f7652e09069a1943278893d4264401e) Importer(815301076,1909f56bfc062723c751e8b465ee728b)  -> (artifact id: 'c36e5262a313568e0fee13f1eef82b1f') in 0.000298 seconds
Number of updated asset objects reloaded before import = 0
Number of asset objects unloaded after import = 0
========================================================================
Received Import Request.
  Time since last request: 0.416576 seconds.
  path: Packages/com.unity.ugui/package.json
  artifactKey: Guid(319b8889f363f5947acf209c17a94149) Importer(815301076,1909f56bfc062723c751e8b465ee728b)
Start importing Packages/com.unity.ugui/package.json using Guid(319b8889f363f5947acf209c17a94149) Importer(815301076,1909f56bfc062723c751e8b465ee728b)  -> (artifact id: '9d51f700e97af91693ecd180754e8e1e') in 0.001801 seconds
Number of updated asset objects reloaded before import = 0
Number of asset objects unloaded after import = 1
========================================================================
Received Import Request.
  Time since last request: 1.919955 seconds.
  path: Packages/com.unity.ugui/README.md
  artifactKey: Guid(e0ae6629cc70b514889df37fccb76832) Importer(815301076,1909f56bfc062723c751e8b465ee728b)
Start importing Packages/com.unity.ugui/README.md using Guid(e0ae6629cc70b514889df37fccb76832) Importer(815301076,1909f56bfc062723c751e8b465ee728b)  -> (artifact id: '4d91fb0969cbf02161e04e65b4a3d130') in 0.011694 seconds
Number of updated asset objects reloaded before import = 0
Number of asset objects unloaded after import = 1
========================================================================
Received Import Request.
  Time since last request: 9.005910 seconds.
  path: Packages/com.unity.ext.nunit/package.json
  artifactKey: Guid(8143d3a8390f2c64685e3bc272bd9e90) Importer(815301076,1909f56bfc062723c751e8b465ee728b)
Start importing Packages/com.unity.ext.nunit/package.json using Guid(8143d3a8390f2c64685e3bc272bd9e90) Importer(815301076,1909f56bfc062723c751e8b465ee728b)  -> (artifact id: '02e6ff00f4d339ca929f0df7e6e68e04') in 0.000811 seconds
Number of updated asset objects reloaded before import = 0
Number of asset objects unloaded after import = 1
========================================================================
Received Import Request.
  Time since last request: 1.225952 seconds.
  path: Packages/com.unity.testtools.codecoverage/package.json
  artifactKey: Guid(ba7d60725b0ec604698819352642be89) Importer(815301076,1909f56bfc062723c751e8b465ee728b)
Start importing Packages/com.unity.testtools.codecoverage/package.json using Guid(ba7d60725b0ec604698819352642be89) Importer(815301076,1909f56bfc062723c751e8b465ee728b)  -> (artifact id: '312a15105b5b1a672fbbc01e4b0c349f') in 0.001750 seconds
Number of updated asset objects reloaded before import = 0
Number of asset objects unloaded after import = 1
========================================================================
Received Import Request.
  Time since last request: 45.806872 seconds.
  path: Assets/Player Movement/Raytracing..cs
  artifactKey: Guid(21ee47373c8f622429589ee37f06f417) Importer(815301076,1909f56bfc062723c751e8b465ee728b)
Start importing Assets/Player Movement/Raytracing..cs using Guid(21ee47373c8f622429589ee37f06f417) Importer(815301076,1909f56bfc062723c751e8b465ee728b)  -> (artifact id: '4686a7edce5fb4c6428b732338ade1f8') in 0.000646 seconds
Number of updated asset objects reloaded before import = 0
Number of asset objects unloaded after import = 0
========================================================================
Received Import Request.
  Time since last request: 26.676206 seconds.
  path: Assets/Player Movement/Raytracing..cs
  artifactKey: Guid(21ee47373c8f622429589ee37f06f417) Importer(815301076,1909f56bfc062723c751e8b465ee728b)
Start importing Assets/Player Movement/Raytracing..cs using Guid(21ee47373c8f622429589ee37f06f417) Importer(815301076,1909f56bfc062723c751e8b465ee728b)  -> (artifact id: '3cb51ec3611e6d1e8ba0d53ed34019bd') in 0.000584 seconds
Number of updated asset objects reloaded before import = 0
Number of asset objects unloaded after import = 0
========================================================================
Received Import Request.
  Time since last request: 441.890427 seconds.
  path: Assets/Player Movement/RaytracingMesh.cs
  artifactKey: Guid(21ee47373c8f622429589ee37f06f417) Importer(815301076,1909f56bfc062723c751e8b465ee728b)
Start importing Assets/Player Movement/RaytracingMesh.cs using Guid(21ee47373c8f622429589ee37f06f417) Importer(815301076,1909f56bfc062723c751e8b465ee728b)  -> (artifact id: '1086648b71bcd2697fb3419f09322322') in 0.000669 seconds
Number of updated asset objects reloaded before import = 0
Number of asset objects unloaded after import = 0
========================================================================
Received Import Request.
  Time since last request: 19.205182 seconds.
  path: Assets/Player Movement/Raytracingmeshmeta.cs
  artifactKey: Guid(3265e2bf8951fb649913b1b709c57bc8) Importer(815301076,1909f56bfc062723c751e8b465ee728b)
Start importing Assets/Player Movement/Raytracingmeshmeta.cs using Guid(3265e2bf8951fb649913b1b709c57bc8) Importer(815301076,1909f56bfc062723c751e8b465ee728b)  -> (artifact id: '02b2d18cdbe57a0fbdc05d3d0b368fe7') in 0.000675 seconds
Number of updated asset objects reloaded before import = 0
Number of asset objects unloaded after import = 0
========================================================================
Received Import Request.
  Time since last request: 32.319822 seconds.
  path: Assets/Player Movement/Raytracingmeshmeta.cs
  artifactKey: Guid(3265e2bf8951fb649913b1b709c57bc8) Importer(815301076,1909f56bfc062723c751e8b465ee728b)
Start importing Assets/Player Movement/Raytracingmeshmeta.cs using Guid(3265e2bf8951fb649913b1b709c57bc8) Importer(815301076,1909f56bfc062723c751e8b465ee728b)  -> (artifact id: '0b2f35da1c29cf9e83234867862c9eda') in 0.000505 seconds
Number of updated asset objects reloaded before import = 0
Number of asset objects unloaded after import = 0
========================================================================
Received Import Request.
  Time since last request: 13.867845 seconds.
  path: Assets/Player Movement/Raytracingspehere.cs
  artifactKey: Guid(719f7315395b13a4e86e41f80c53b760) Importer(815301076,1909f56bfc062723c751e8b465ee728b)
Start importing Assets/Player Movement/Raytracingspehere.cs using Guid(719f7315395b13a4e86e41f80c53b760) Importer(815301076,1909f56bfc062723c751e8b465ee728b)  -> (artifact id: '60ce9668a1f46265d324fbe1060a2207') in 0.000883 seconds
Number of updated asset objects reloaded before import = 0
Number of asset objects unloaded after import = 0
========================================================================
Received Import Request.
  Time since last request: 31.913587 seconds.
  path: Assets/Player Movement/Raytracingspehere.cs
  artifactKey: Guid(719f7315395b13a4e86e41f80c53b760) Importer(815301076,1909f56bfc062723c751e8b465ee728b)
Start importing Assets/Player Movement/Raytracingspehere.cs using Guid(719f7315395b13a4e86e41f80c53b760) Importer(815301076,1909f56bfc062723c751e8b465ee728b)  -> (artifact id: 'ed2024259e707b4ad9787a34a51c117b') in 0.000705 seconds
Number of updated asset objects reloaded before import = 0
Number of asset objects unloaded after import = 0
========================================================================
Received Import Request.
  Time since last request: 22.071401 seconds.
  path: Assets/Player Movement/Raytracingspheremeta.cs
  artifactKey: Guid(bb9507a359197444781576924917ddf5) Importer(815301076,1909f56bfc062723c751e8b465ee728b)
Start importing Assets/Player Movement/Raytracingspheremeta.cs using Guid(bb9507a359197444781576924917ddf5) Importer(815301076,1909f56bfc062723c751e8b465ee728b)  -> (artifact id: '35e460d8a3e46d8cb8a9c927e13cf2eb') in 0.000431 seconds
Number of updated asset objects reloaded before import = 0
Number of asset objects unloaded after import = 0
========================================================================
Received Import Request.
  Time since last request: 47.628277 seconds.
  path: Assets/Player Movement/Raytracingspheremeta.cs
  artifactKey: Guid(bb9507a359197444781576924917ddf5) Importer(815301076,1909f56bfc062723c751e8b465ee728b)
Start importing Assets/Player Movement/Raytracingspheremeta.cs using Guid(bb9507a359197444781576924917ddf5) Importer(815301076,1909f56bfc062723c751e8b465ee728b)  -> (artifact id: 'edd0433b0551bc39ccb4e8383bf7e2fb') in 0.000433 seconds
Number of updated asset objects reloaded before import = 0
Number of asset objects unloaded after import = 0
========================================================================
Received Import Request.
  Time since last request: 102.408765 seconds.
  path: Assets/Player Movement/Raytracingmanager.cs
  artifactKey: Guid(b6ec4634b49349740ac13c33afc73112) Importer(815301076,1909f56bfc062723c751e8b465ee728b)
Start importing Assets/Player Movement/Raytracingmanager.cs using Guid(b6ec4634b49349740ac13c33afc73112) Importer(815301076,1909f56bfc062723c751e8b465ee728b)  -> (artifact id: '8d2adb3fdc318b3cd346b0966ab73961') in 0.000558 seconds
Number of updated asset objects reloaded before import = 0
Number of asset objects unloaded after import = 0
========================================================================
Received Import Request.
  Time since last request: 11.161293 seconds.
  path: Assets/Player Movement/Raytracingmanager.cs
  artifactKey: Guid(b6ec4634b49349740ac13c33afc73112) Importer(815301076,1909f56bfc062723c751e8b465ee728b)
Start importing Assets/Player Movement/Raytracingmanager.cs using Guid(b6ec4634b49349740ac13c33afc73112) Importer(815301076,1909f56bfc062723c751e8b465ee728b)  -> (artifact id: 'aed2c4edf90efb327f3e188d3a35dbfc') in 0.000625 seconds
Number of updated asset objects reloaded before import = 0
Number of asset objects unloaded after import = 0
